-- The C compiler identification is GNU 11.4.0
-- The CXX compiler identification is GNU 11.4.0
-- Detecting C compiler ABI info
-- Detecting C compiler ABI info - done
-- Check for working C compiler: /usr/bin/cc - skipped
-- Detecting C compile features
-- Detecting C compile features - done
-- Detecting CXX compiler ABI info
-- Detecting CXX compiler ABI info - done
-- Check for working CXX compiler: /usr/bin/c++ - skipped
-- Detecting CXX compile features
-- Detecting CXX compile features - done
-- Found ament_cmake: 1.3.11 (/home/jaskaran/ros2_humble/install/ament_cmake/share/ament_cmake/cmake)
-- Found Python3: /usr/bin/python3 (found version "3.10.12") found components: Interpreter 
-- Override CMake install command with custom implementation using symlinks instead of copying resources
-- Configuring done
-- Generating done
-- Build files have been written to: /home/jaskaran/sauvc_sim/build/sauvc_sim
Built target ament_cmake_python_symlink_sauvc_sim
running egg_info
creating sauvc_sim.egg-info
writing sauvc_sim.egg-info/PKG-INFO
writing dependency_links to sauvc_sim.egg-info/dependency_links.txt
writing top-level names to sauvc_sim.egg-info/top_level.txt
writing manifest file 'sauvc_sim.egg-info/SOURCES.txt'
reading manifest file 'sauvc_sim.egg-info/SOURCES.txt'
writing manifest file 'sauvc_sim.egg-info/SOURCES.txt'
Built target ament_cmake_python_build_sauvc_sim_egg
-- Install configuration: ""
-- Execute custom install script
-- Symlinking: /home/jaskaran/sauvc_sim/install/sauvc_sim/share/sauvc_sim/environment/pythonpath.sh
-- Symlinking: /home/jaskaran/sauvc_sim/install/sauvc_sim/share/sauvc_sim/environment/pythonpath.dsv
-- Symlinking: /home/jaskaran/sauvc_sim/install/sauvc_sim/local/lib/python3.10/dist-packages/sauvc_sim-1.0.0-py3.10.egg-info/PKG-INFO
-- Symlinking: /home/jaskaran/sauvc_sim/install/sauvc_sim/local/lib/python3.10/dist-packages/sauvc_sim-1.0.0-py3.10.egg-info/SOURCES.txt
-- Symlinking: /home/jaskaran/sauvc_sim/install/sauvc_sim/local/lib/python3.10/dist-packages/sauvc_sim-1.0.0-py3.10.egg-info/dependency_links.txt
-- Symlinking: /home/jaskaran/sauvc_sim/install/sauvc_sim/local/lib/python3.10/dist-packages/sauvc_sim-1.0.0-py3.10.egg-info/top_level.txt
-- Symlinking: /home/jaskaran/sauvc_sim/install/sauvc_sim/local/lib/python3.10/dist-packages/sauvc_sim/__init__.py
-- Symlinking: /home/jaskaran/sauvc_sim/install/sauvc_sim/lib/sauvc_sim/teleop.py
-- Symlinking: /home/jaskaran/sauvc_sim/install/sauvc_sim/share/sauvc_sim/launch/sauvc_launch.py
-- Symlinking: /home/jaskaran/sauvc_sim/install/sauvc_sim/share/sauvc_sim/models/blue_drum/model.config
-- Symlinking: /home/jaskaran/sauvc_sim/install/sauvc_sim/share/sauvc_sim/models/blue_drum/model.sdf
-- Symlinking: /home/jaskaran/sauvc_sim/install/sauvc_sim/share/sauvc_sim/models/blue_flare/model.config
-- Symlinking: /home/jaskaran/sauvc_sim/install/sauvc_sim/share/sauvc_sim/models/blue_flare/model.sdf
-- Symlinking: /home/jaskaran/sauvc_sim/install/sauvc_sim/share/sauvc_sim/models/camera/model.config
-- Symlinking: /home/jaskaran/sauvc_sim/install/sauvc_sim/share/sauvc_sim/models/camera/model.sdf
-- Symlinking: /home/jaskaran/sauvc_sim/install/sauvc_sim/share/sauvc_sim/models/depth_camera/model.config
-- Symlinking: /home/jaskaran/sauvc_sim/install/sauvc_sim/share/sauvc_sim/models/depth_camera/model.sdf
-- Symlinking: /home/jaskaran/sauvc_sim/install/sauvc_sim/share/sauvc_sim/models/drum/model.config
-- Symlinking: /home/jaskaran/sauvc_sim/install/sauvc_sim/share/sauvc_sim/models/drum/model.sdf
-- Symlinking: /home/jaskaran/sauvc_sim/install/sauvc_sim/share/sauvc_sim/models/gate/model.config
-- Symlinking: /home/jaskaran/sauvc_sim/install/sauvc_sim/share/sauvc_sim/models/gate/model.sdf
-- Symlinking: /home/jaskaran/sauvc_sim/install/sauvc_sim/share/sauvc_sim/models/golf_ball/model.config
-- Symlinking: /home/jaskaran/sauvc_sim/install/sauvc_sim/share/sauvc_sim/models/golf_ball/model.sdf
-- Symlinking: /home/jaskaran/sauvc_sim/install/sauvc_sim/share/sauvc_sim/models/green_mat/model.config
-- Symlinking: /home/jaskaran/sauvc_sim/install/sauvc_sim/share/sauvc_sim/models/green_mat/model.sdf
-- Symlinking: /home/jaskaran/sauvc_sim/install/sauvc_sim/share/sauvc_sim/models/orange_flare/model.config
-- Symlinking: /home/jaskaran/sauvc_sim/install/sauvc_sim/share/sauvc_sim/models/orange_flare/model.sdf
-- Symlinking: /home/jaskaran/sauvc_sim/install/sauvc_sim/share/sauvc_sim/models/orca/model.config
-- Symlinking: /home/jaskaran/sauvc_sim/install/sauvc_sim/share/sauvc_sim/models/orca/model.sdf
-- Symlinking: /home/jaskaran/sauvc_sim/install/sauvc_sim/share/sauvc_sim/models/pool_ground/materials/scripts/pool_ground.material
-- Symlinking: /home/jaskaran/sauvc_sim/install/sauvc_sim/share/sauvc_sim/models/pool_ground/materials/textures/MyImage.png
-- Symlinking: /home/jaskaran/sauvc_sim/install/sauvc_sim/share/sauvc_sim/models/pool_ground/model.config
-- Symlinking: /home/jaskaran/sauvc_sim/install/sauvc_sim/share/sauvc_sim/models/pool_ground/model.sdf
-- Symlinking: /home/jaskaran/sauvc_sim/install/sauvc_sim/share/sauvc_sim/models/q_gate/model.config
-- Symlinking: /home/jaskaran/sauvc_sim/install/sauvc_sim/share/sauvc_sim/models/q_gate/model.sdf
-- Symlinking: /home/jaskaran/sauvc_sim/install/sauvc_sim/share/sauvc_sim/models/red_drum/model.config
-- Symlinking: /home/jaskaran/sauvc_sim/install/sauvc_sim/share/sauvc_sim/models/red_drum/model.sdf
-- Symlinking: /home/jaskaran/sauvc_sim/install/sauvc_sim/share/sauvc_sim/models/red_flare/model.config
-- Symlinking: /home/jaskaran/sauvc_sim/install/sauvc_sim/share/sauvc_sim/models/red_flare/model.sdf
-- Symlinking: /home/jaskaran/sauvc_sim/install/sauvc_sim/share/sauvc_sim/models/wall/model.config
-- Symlinking: /home/jaskaran/sauvc_sim/install/sauvc_sim/share/sauvc_sim/models/wall/model.sdf
-- Symlinking: /home/jaskaran/sauvc_sim/install/sauvc_sim/share/sauvc_sim/models/yellow_flare/model.config
-- Symlinking: /home/jaskaran/sauvc_sim/install/sauvc_sim/share/sauvc_sim/models/yellow_flare/model.sdf
-- Symlinking: /home/jaskaran/sauvc_sim/install/sauvc_sim/share/sauvc_sim/worlds/empty.world
-- Symlinking: /home/jaskaran/sauvc_sim/install/sauvc_sim/share/sauvc_sim/worlds/sauvc.world
-- Symlinking: /home/jaskaran/sauvc_sim/install/sauvc_sim/share/sauvc_sim/meshes/drum.obj
-- Symlinking: /home/jaskaran/sauvc_sim/install/sauvc_sim/share/sauvc_sim/meshes/orca_body.obj
-- Symlinking: /home/jaskaran/sauvc_sim/install/sauvc_sim/share/sauvc_sim/environment/sauvc_sim.dsv
-- Symlinking: /home/jaskaran/sauvc_sim/install/sauvc_sim/share/ament_index/resource_index/package_run_dependencies/sauvc_sim
-- Symlinking: /home/jaskaran/sauvc_sim/install/sauvc_sim/share/ament_index/resource_index/parent_prefix_path/sauvc_sim
-- Symlinking: /home/jaskaran/sauvc_sim/install/sauvc_sim/share/sauvc_sim/environment/ament_prefix_path.sh
-- Symlinking: /home/jaskaran/sauvc_sim/install/sauvc_sim/share/sauvc_sim/environment/ament_prefix_path.dsv
-- Symlinking: /home/jaskaran/sauvc_sim/install/sauvc_sim/share/sauvc_sim/environment/path.sh
-- Symlinking: /home/jaskaran/sauvc_sim/install/sauvc_sim/share/sauvc_sim/environment/path.dsv
-- Symlinking: /home/jaskaran/sauvc_sim/install/sauvc_sim/share/sauvc_sim/local_setup.bash
-- Symlinking: /home/jaskaran/sauvc_sim/install/sauvc_sim/share/sauvc_sim/local_setup.sh
-- Symlinking: /home/jaskaran/sauvc_sim/install/sauvc_sim/share/sauvc_sim/local_setup.zsh
-- Symlinking: /home/jaskaran/sauvc_sim/install/sauvc_sim/share/sauvc_sim/local_setup.dsv
-- Symlinking: /home/jaskaran/sauvc_sim/install/sauvc_sim/share/sauvc_sim/package.dsv
-- Symlinking: /home/jaskaran/sauvc_sim/install/sauvc_sim/share/ament_index/resource_index/packages/sauvc_sim
-- Symlinking: /home/jaskaran/sauvc_sim/install/sauvc_sim/share/sauvc_sim/cmake/sauvc_simConfig.cmake
-- Symlinking: /home/jaskaran/sauvc_sim/install/sauvc_sim/share/sauvc_sim/cmake/sauvc_simConfig-version.cmake
-- Symlinking: /home/jaskaran/sauvc_sim/install/sauvc_sim/share/sauvc_sim/package.xml
Listing '/home/jaskaran/sauvc_sim/install/sauvc_sim/local/lib/python3.10/dist-packages/sauvc_sim'...
Compiling '/home/jaskaran/sauvc_sim/install/sauvc_sim/local/lib/python3.10/dist-packages/sauvc_sim/__init__.py'...
